<?xml version="1.0" encoding="UTF-8"?>
<!-- Generated by org.testng.reporters.JUnitXMLReporter -->
<testsuite ignored="0" hostname="DESKTOP-D0JLFQF" failures="0" tests="3" name="Default test" time="34.416" errors="0" timestamp="2023-03-15T10:50:51 IST">
  <testcase classname="Modul1_PlanetSuperHeroeslogin_Signup_Test.LoginPagTest" name="verifyLog" time="0.61"/>
  <testcase classname="Modul1_PlanetSuperHeroeslogin_Signup_Test.LoginPagTest" name="serachfeild" time="9.025"/>
  <testcase classname="Modul1_PlanetSuperHeroeslogin_Signup_Test.LoginPagTest" name="login_signUp" time="1.219"/>
</testsuite> <!-- Default test -->
