<?xml version="1.0" encoding="UTF-8"?>
<!-- Generated by org.testng.reporters.JUnitXMLReporter -->
<testsuite ignored="0" hostname="DESKTOP-D0JLFQF" failures="0" tests="2" name="Default test" time="35.059" errors="0" timestamp="2023-02-08T17:07:47 IST">
  <testcase classname="Modul1_PlanetSuperHeroeslogin_Signup_Test.HeroWelCompageTest" name="verifytitle" time="14.079"/>
  <testcase classname="Modul1_PlanetSuperHeroeslogin_Signup_Test.HeroWelCompageTest" name="login" time="0.251"/>
</testsuite> <!-- Default test -->
