<?xml version="1.0" encoding="UTF-8"?>
<testng-results ignored="0" total="2" passed="2" failed="0" skipped="0">
  <reporter-output>
  </reporter-output>
  <suite started-at="2023-03-15T11:01:17 IST" name="Suite" finished-at="2023-03-15T11:01:30 IST" duration-ms="13963">
    <groups>
    </groups>
    <test started-at="2023-03-15T11:01:17 IST" name="Test" finished-at="2023-03-15T11:01:30 IST" duration-ms="13963">
      <class name="Modul1_PlanetSuperHeroeslogin_Signup_Test.HeroWelCompageTest">
        <test-method is-config="true" signature="reporter()[pri:0, instance:Modul1_PlanetSuperHeroeslogin_Signup_Test.HeroWelCompageTest@6d0b5baf]" started-at="2023-03-15T11:01:17 IST" name="reporter" finished-at="2023-03-15T11:01:17 IST" duration-ms="714" status="PASS">
          <reporter-output>
          </reporter-output>
        </test-method> <!-- reporter -->
        <test-method is-config="true" signature="opnBr()[pri:0, instance:Modul1_PlanetSuperHeroeslogin_Signup_Test.HeroWelCompageTest@6d0b5baf]" started-at="2023-03-15T11:01:17 IST" name="opnBr" finished-at="2023-03-15T11:01:26 IST" duration-ms="9038" status="PASS">
          <reporter-output>
          </reporter-output>
        </test-method> <!-- opnBr -->
        <test-method signature="verifytitle()[pri:0, instance:Modul1_PlanetSuperHeroeslogin_Signup_Test.HeroWelCompageTest@6d0b5baf]" started-at="2023-03-15T11:01:26 IST" name="verifytitle" finished-at="2023-03-15T11:01:28 IST" duration-ms="2174" status="PASS">
          <reporter-output>
          </reporter-output>
        </test-method> <!-- verifytitle -->
        <test-method signature="login()[pri:0, instance:Modul1_PlanetSuperHeroeslogin_Signup_Test.HeroWelCompageTest@6d0b5baf]" started-at="2023-03-15T11:01:29 IST" name="login" finished-at="2023-03-15T11:01:29 IST" depends-on-methods="Modul1_PlanetSuperHeroeslogin_Signup_Test.HeroWelCompageTest.verifytitle" duration-ms="346" status="PASS">
          <reporter-output>
          </reporter-output>
        </test-method> <!-- login -->
        <test-method is-config="true" signature="Flush()[pri:0, instance:Modul1_PlanetSuperHeroeslogin_Signup_Test.HeroWelCompageTest@6d0b5baf]" started-at="2023-03-15T11:01:29 IST" name="Flush" finished-at="2023-03-15T11:01:30 IST" duration-ms="1640" status="PASS">
          <reporter-output>
          </reporter-output>
        </test-method> <!-- Flush -->
      </class> <!-- Modul1_PlanetSuperHeroeslogin_Signup_Test.HeroWelCompageTest -->
    </test> <!-- Test -->
  </suite> <!-- Suite -->
</testng-results>
